<?xml version="1.0" encoding="UTF-8"?>
<testng-results skipped="0" failed="1" total="2" passed="1">
  <reporter-output>
  </reporter-output>
  <suite name="Suite" duration-ms="11422" started-at="2020-01-26T20:11:27Z" finished-at="2020-01-26T20:11:38Z">
    <groups>
    </groups>
    <test name="Test" duration-ms="11422" started-at="2020-01-26T20:11:27Z" finished-at="2020-01-26T20:11:38Z">
      <class name="com.qa.tests.Tests">
        <test-method status="PASS" signature="start()[pri:0, instance:com.qa.tests.Tests@31190526]" name="start" is-config="true" duration-ms="5284" started-at="2020-01-27T01:41:27Z" finished-at="2020-01-27T01:41:32Z">
          <reporter-output>
          </reporter-output>
        </test-method> <!-- start -->
        <test-method status="PASS" signature="test1()[pri:0, instance:com.qa.tests.Tests@31190526]" name="test1" duration-ms="375" started-at="2020-01-27T01:41:32Z" finished-at="2020-01-27T01:41:32Z">
          <reporter-output>
          </reporter-output>
        </test-method> <!-- test1 -->
        <test-method status="PASS" signature="end()[pri:0, instance:com.qa.tests.Tests@31190526]" name="end" is-config="true" duration-ms="598" started-at="2020-01-27T01:41:32Z" finished-at="2020-01-27T01:41:33Z">
          <reporter-output>
          </reporter-output>
        </test-method> <!-- end -->
        <test-method status="PASS" signature="start()[pri:0, instance:com.qa.tests.Tests@31190526]" name="start" is-config="true" duration-ms="4438" started-at="2020-01-27T01:41:33Z" finished-at="2020-01-27T01:41:38Z">
          <reporter-output>
          </reporter-output>
        </test-method> <!-- start -->
        <test-method status="FAIL" signature="test2()[pri:0, instance:com.qa.tests.Tests@31190526]" name="test2" duration-ms="2" started-at="2020-01-27T01:41:38Z" finished-at="2020-01-27T01:41:38Z">
          <exception class="java.lang.AssertionError">
            <message>
              <![CDATA[expected [true] but found [false]]]>
            </message>
            <full-stacktrace>
              <![CDATA[java.lang.AssertionError: expected [true] but found [false]
	at org.testng.Assert.fail(Assert.java:94)
	at org.testng.Assert.failNotEquals(Assert.java:513)
	at org.testng.Assert.assertTrue(Assert.java:42)
	at org.testng.Assert.assertTrue(Assert.java:52)
	at com.qa.tests.Tests.test2(Tests.java:19)
	at sun.reflect.NativeMethodAccessorImpl.invoke0(Native Method)
	at sun.reflect.NativeMethodAccessorImpl.invoke(Unknown Source)
	at sun.reflect.DelegatingMethodAccessorImpl.invoke(Unknown Source)
	at java.lang.reflect.Method.invoke(Unknown Source)
	at org.testng.internal.MethodInvocationHelper.invokeMethod(MethodInvocationHelper.java:100)
	at org.testng.internal.Invoker.invokeMethod(Invoker.java:646)
	at org.testng.internal.Invoker.invokeTestMethod(Invoker.java:811)
	at org.testng.internal.Invoker.invokeTestMethods(Invoker.java:1137)
	at org.testng.internal.TestMethodWorker.invokeTestMethods(TestMethodWorker.java:129)
	at org.testng.internal.TestMethodWorker.run(TestMethodWorker.java:112)
	at org.testng.TestRunner.privateRun(TestRunner.java:753)
	at org.testng.TestRunner.run(TestRunner.java:607)
	at org.testng.SuiteRunner.runTest(SuiteRunner.java:368)
	at org.testng.SuiteRunner.access$000(SuiteRunner.java:39)
	at org.testng.SuiteRunner$SuiteWorker.run(SuiteRunner.java:402)
	at org.testng.internal.thread.ThreadUtil$2.call(ThreadUtil.java:64)
	at java.util.concurrent.FutureTask.run(Unknown Source)
	at java.util.concurrent.ThreadPoolExecutor.runWorker(Unknown Source)
	at java.util.concurrent.ThreadPoolExecutor$Worker.run(Unknown Source)
	at java.lang.Thread.run(Unknown Source)
]]>
            </full-stacktrace>
          </exception> <!-- java.lang.AssertionError -->
          <reporter-output>
          </reporter-output>
        </test-method> <!-- test2 -->
        <test-method status="PASS" signature="end()[pri:0, instance:com.qa.tests.Tests@31190526]" name="end" is-config="true" duration-ms="621" started-at="2020-01-27T01:41:38Z" finished-at="2020-01-27T01:41:38Z">
          <reporter-output>
          </reporter-output>
        </test-method> <!-- end -->
      </class> <!-- com.qa.tests.Tests -->
    </test> <!-- Test -->
  </suite> <!-- Suite -->
</testng-results>
